2025-11-01 12:08:56,134 - INFO - === P10 数据生成开始 ===
2025-11-01 12:08:56,134 - INFO - 开始提取情感分析数据...
2025-11-01 12:08:56,183 - INFO - 成功提取 4392 条记录
2025-11-01 12:08:56,183 - INFO - 开始处理情感分类...
2025-11-01 12:08:56,193 - INFO - 情感分布: {'Neutral': 2107, 'Positive': 1596, 'Negative': 689}
2025-11-01 12:08:56,193 - INFO - 生成饼图数据...
2025-11-01 12:08:56,194 - INFO - 饼图数据: [{'Sentiment': 'Positive', 'Count': 1596, 'Percentage': 36.3}, {'Sentiment': 'Neutral', 'Count': 2107, 'Percentage': 48.0}, {'Sentiment': 'Negative', 'Count': 689, 'Percentage': 15.7}]
2025-11-01 12:08:56,194 - INFO - 生成折线图数据...
2025-11-01 12:08:56,199 - INFO - 折线图数据生成完成，共 22 天
2025-11-01 12:08:56,199 - INFO - 保存数据到Excel文件...
2025-11-01 12:08:56,291 - INFO - Excel文件已保存: p10_data.xlsx
2025-11-01 12:08:56,291 - INFO - === P10 数据生成完成 ===
2025-11-01 12:08:56,494 - INFO - === P10 PPT填充开始 ===
2025-11-01 12:08:56,494 - INFO - 工作目录已准备: tmp
2025-11-01 12:08:56,502 - INFO - PPT模板已解压到: tmp/ppt_extracted
2025-11-01 12:08:56,553 - INFO - Excel数据加载成功: 饼图 3 行, 折线图 22 行
2025-11-01 12:08:56,559 - INFO - 嵌入式工作簿已创建: tmp/ppt_extracted/ppt/embeddings/Microsoft_Excel_Worksheet1.xlsx
2025-11-01 12:08:56,559 - WARNING - 图表文件不存在: tmp/ppt_extracted/ppt/charts/chart8.xml
2025-11-01 12:08:56,559 - WARNING - 图表文件不存在: tmp/ppt_extracted/ppt/charts/chart9.xml
2025-11-01 12:08:56,567 - INFO - PPT文件已重新打包: output/p10-final.pptx
2025-11-01 12:08:56,567 - INFO - === P10 PPT填充完成: output/p10-final.pptx ===
2025-11-01 17:28:15,583 - INFO - === P10 数据生成开始 ===
2025-11-01 17:28:15,583 - INFO - 开始提取情感分析数据...
2025-11-01 17:28:15,682 - INFO - 成功提取 5486 条记录
2025-11-01 17:28:15,682 - INFO - 开始处理情感分类...
2025-11-01 17:28:15,704 - INFO - 情感分布: {'Neutral': 2565, 'Positive': 2046, 'Negative': 875}
2025-11-01 17:28:15,704 - INFO - 生成饼图数据...
2025-11-01 17:28:15,705 - INFO - 饼图数据: [{'Sentiment': 'Positive', 'Count': 2046, 'Percentage': 37.3}, {'Sentiment': 'Neutral', 'Count': 2565, 'Percentage': 46.8}, {'Sentiment': 'Negative', 'Count': 875, 'Percentage': 15.9}]
2025-11-01 17:28:15,705 - INFO - 生成折线图数据...
2025-11-01 17:28:15,712 - INFO - 折线图数据生成完成，共 31 天
2025-11-01 17:28:15,712 - INFO - 保存数据到Excel文件...
2025-11-01 17:28:15,867 - INFO - Excel文件已保存: p10_data.xlsx
2025-11-01 17:28:15,867 - INFO - === P10 数据生成完成 ===
2025-11-01 17:28:16,303 - INFO - === P10 PPT填充开始 ===
2025-11-01 17:28:16,314 - INFO - 工作目录已准备: tmp
2025-11-01 17:28:16,324 - INFO - PPT模板已解压到: tmp/ppt_extracted
2025-11-01 17:28:16,423 - INFO - Excel数据加载成功: 饼图 3 行, 折线图 31 行
2025-11-01 17:28:16,434 - INFO - 嵌入式工作簿已创建: tmp/ppt_extracted/ppt/embeddings/Microsoft_Excel_Worksheet1.xlsx
2025-11-01 17:28:16,434 - INFO - 关系已更新: tmp/ppt_extracted/ppt/charts/_rels/chart1.xml.rels -> ../embeddings/Microsoft_Excel_Worksheet1.xlsx
2025-11-01 17:28:16,434 - INFO - 关系已更新: tmp/ppt_extracted/ppt/charts/_rels/chart2.xml.rels -> ../embeddings/Microsoft_Excel_Worksheet1.xlsx
2025-11-01 17:28:16,436 - INFO - 图表数据已更新: tmp/ppt_extracted/ppt/charts/chart1.xml
2025-11-01 17:28:16,438 - INFO - 散点图数据已更新: tmp/ppt_extracted/ppt/charts/chart2.xml
2025-11-01 17:28:16,453 - INFO - PPT文件已重新打包: output/p10-final.pptx
2025-11-01 17:28:16,453 - INFO - === P10 PPT填充完成: output/p10-final.pptx ===
2025-11-01 17:39:37,787 - INFO - === P10 数据生成开始 ===
2025-11-01 17:39:37,787 - INFO - 开始提取情感分析数据...
2025-11-01 17:39:38,891 - INFO - 成功提取 5487 条记录
2025-11-01 17:39:38,891 - INFO - 开始处理情感分类...
2025-11-01 17:39:38,914 - INFO - 情感分布: {'Neutral': 2558, 'Positive': 2056, 'Negative': 873}
2025-11-01 17:39:38,915 - INFO - 生成饼图数据...
2025-11-01 17:39:38,917 - INFO - 饼图数据: [{'Sentiment': 'Positive', 'Count': 2056, 'Percentage': 37.5}, {'Sentiment': 'Neutral', 'Count': 2558, 'Percentage': 46.6}, {'Sentiment': 'Negative', 'Count': 873, 'Percentage': 15.9}]
2025-11-01 17:39:38,917 - INFO - 生成折线图数据...
2025-11-01 17:39:38,926 - INFO - 折线图数据生成完成，共 31 天
2025-11-01 17:39:38,926 - INFO - 保存数据到Excel文件...
2025-11-01 17:39:39,084 - INFO - Excel文件已保存: p10_data.xlsx
2025-11-01 17:39:39,084 - INFO - === P10 数据生成完成 ===
2025-11-01 17:39:39,502 - INFO - === P10 PPT填充开始 ===
2025-11-01 17:39:39,510 - INFO - 工作目录已准备: tmp
2025-11-01 17:39:39,521 - INFO - PPT模板已解压到: tmp/ppt_extracted
2025-11-01 17:39:39,627 - INFO - Excel数据加载成功: 饼图 3 行, 折线图 31 行
2025-11-01 17:39:39,639 - INFO - 嵌入式工作簿已创建: tmp/ppt_extracted/ppt/embeddings/Microsoft_Excel_Worksheet1.xlsx
2025-11-01 17:39:39,639 - INFO - 关系已更新: tmp/ppt_extracted/ppt/charts/_rels/chart1.xml.rels -> ../embeddings/Microsoft_Excel_Worksheet1.xlsx
2025-11-01 17:39:39,640 - INFO - 关系已更新: tmp/ppt_extracted/ppt/charts/_rels/chart2.xml.rels -> ../embeddings/Microsoft_Excel_Worksheet1.xlsx
2025-11-01 17:39:39,641 - INFO - 图表数据已更新: tmp/ppt_extracted/ppt/charts/chart1.xml
2025-11-01 17:39:39,644 - INFO - 散点图数据已更新: tmp/ppt_extracted/ppt/charts/chart2.xml
2025-11-01 17:39:39,665 - INFO - PPT文件已重新打包: output/p10-final.pptx
2025-11-01 17:39:39,666 - INFO - === P10 PPT填充完成: output/p10-final.pptx ===
2025-11-01 17:57:21,020 - INFO - === P10 数据生成开始 ===
2025-11-01 17:57:21,020 - INFO - 开始提取情感分析数据...
2025-11-01 17:57:22,041 - INFO - 成功提取 5487 条记录
2025-11-01 17:57:22,041 - INFO - 开始处理情感分类...
2025-11-01 17:57:22,063 - INFO - 情感分布: {'Neutral': 2558, 'Positive': 2056, 'Negative': 873}
2025-11-01 17:57:22,063 - INFO - 生成饼图数据...
2025-11-01 17:57:22,064 - INFO - 饼图数据: [{'Sentiment': 'Positive', 'Count': 2056, 'Percentage': 37.5}, {'Sentiment': 'Neutral', 'Count': 2558, 'Percentage': 46.6}, {'Sentiment': 'Negative', 'Count': 873, 'Percentage': 15.9}]
2025-11-01 17:57:22,064 - INFO - 生成折线图数据...
2025-11-01 17:57:22,071 - INFO - 折线图数据生成完成，共 31 天
2025-11-01 17:57:22,071 - INFO - 保存数据到Excel文件...
2025-11-01 17:57:22,222 - INFO - Excel文件已保存: p10_data.xlsx
2025-11-01 17:57:22,222 - INFO - === P10 数据生成完成 ===
2025-11-01 17:57:22,618 - INFO - === P10 PPT填充开始 ===
2025-11-01 17:57:22,626 - INFO - 工作目录已准备: tmp
2025-11-01 17:57:22,635 - INFO - PPT模板已解压到: tmp/ppt_extracted
2025-11-01 17:57:22,735 - INFO - Excel数据加载成功: 饼图 3 行, 折线图 31 行
2025-11-01 17:57:22,745 - INFO - 嵌入式工作簿已创建: tmp/ppt_extracted/ppt/embeddings/Microsoft_Excel_Worksheet1.xlsx
2025-11-01 17:57:22,746 - INFO - 关系已更新: tmp/ppt_extracted/ppt/charts/_rels/chart1.xml.rels -> ../embeddings/Microsoft_Excel_Worksheet1.xlsx
2025-11-01 17:57:22,746 - INFO - 关系已更新: tmp/ppt_extracted/ppt/charts/_rels/chart2.xml.rels -> ../embeddings/Microsoft_Excel_Worksheet1.xlsx
2025-11-01 17:57:22,746 - INFO - 更新饼图颜色: Positive -> 4CAF50
2025-11-01 17:57:22,746 - INFO - 更新饼图颜色: Neutral -> FFC107
2025-11-01 17:57:22,747 - INFO - 更新饼图颜色: Negative -> F44336
2025-11-01 17:57:22,747 - INFO - 图表数据已更新: tmp/ppt_extracted/ppt/charts/chart1.xml
2025-11-01 17:57:22,748 - ERROR - 更新散点图XML失败 tmp/ppt_extracted/ppt/charts/chart2.xml: list.remove(x): x not in list
2025-11-01 17:57:22,765 - INFO - PPT文件已重新打包: output/p10-final.pptx
2025-11-01 17:57:22,765 - INFO - === P10 PPT填充完成: output/p10-final.pptx ===
2025-11-01 18:01:56,990 - INFO - === P10 数据生成开始 ===
2025-11-01 18:01:56,990 - INFO - 开始提取情感分析数据...
2025-11-01 18:01:57,101 - INFO - 成功提取 5487 条记录
2025-11-01 18:01:57,101 - INFO - 开始处理情感分类...
2025-11-01 18:01:57,121 - INFO - 情感分布: {'Neutral': 2558, 'Positive': 2056, 'Negative': 873}
2025-11-01 18:01:57,121 - INFO - 生成饼图数据...
2025-11-01 18:01:57,122 - INFO - 饼图数据: [{'Sentiment': 'Positive', 'Count': 2056, 'Percentage': 37.5}, {'Sentiment': 'Neutral', 'Count': 2558, 'Percentage': 46.6}, {'Sentiment': 'Negative', 'Count': 873, 'Percentage': 15.9}]
2025-11-01 18:01:57,122 - INFO - 生成折线图数据...
2025-11-01 18:01:57,127 - INFO - 折线图数据生成完成，共 31 天
2025-11-01 18:01:57,127 - INFO - 保存数据到Excel文件...
2025-11-01 18:01:57,238 - INFO - Excel文件已保存: p10_data.xlsx
2025-11-01 18:01:57,238 - INFO - === P10 数据生成完成 ===
2025-11-01 18:01:57,633 - INFO - === P10 PPT填充开始 ===
2025-11-01 18:01:57,641 - INFO - 工作目录已准备: tmp
2025-11-01 18:01:57,651 - INFO - PPT模板已解压到: tmp/ppt_extracted
2025-11-01 18:01:57,751 - INFO - Excel数据加载成功: 饼图 3 行, 折线图 31 行
2025-11-01 18:01:57,761 - INFO - 嵌入式工作簿已创建: tmp/ppt_extracted/ppt/embeddings/Microsoft_Excel_Worksheet1.xlsx
2025-11-01 18:01:57,762 - INFO - 关系已更新: tmp/ppt_extracted/ppt/charts/_rels/chart1.xml.rels -> ../embeddings/Microsoft_Excel_Worksheet1.xlsx
2025-11-01 18:01:57,762 - INFO - 关系已更新: tmp/ppt_extracted/ppt/charts/_rels/chart2.xml.rels -> ../embeddings/Microsoft_Excel_Worksheet1.xlsx
2025-11-01 18:01:57,762 - INFO - 更新饼图颜色: Positive -> 4CAF50
2025-11-01 18:01:57,763 - INFO - 更新饼图颜色: Neutral -> FFC107
2025-11-01 18:01:57,763 - INFO - 更新饼图颜色: Negative -> F44336
2025-11-01 18:01:57,763 - INFO - 图表数据已更新: tmp/ppt_extracted/ppt/charts/chart1.xml
2025-11-01 18:01:57,764 - ERROR - 更新散点图XML失败 tmp/ppt_extracted/ppt/charts/chart2.xml: list.remove(x): x not in list
2025-11-01 18:01:57,780 - INFO - PPT文件已重新打包: output/p10-final.pptx
2025-11-01 18:01:57,780 - INFO - === P10 PPT填充完成: output/p10-final.pptx ===
2025-11-01 18:03:11,291 - INFO - === P10 数据生成开始 ===
2025-11-01 18:03:11,291 - INFO - 开始提取情感分析数据...
2025-11-01 18:03:11,377 - INFO - 成功提取 5487 条记录
2025-11-01 18:03:11,378 - INFO - 开始处理情感分类...
2025-11-01 18:03:11,395 - INFO - 情感分布: {'Neutral': 2558, 'Positive': 2056, 'Negative': 873}
2025-11-01 18:03:11,396 - INFO - 生成饼图数据...
2025-11-01 18:03:11,397 - INFO - 饼图数据: [{'Sentiment': 'Positive', 'Count': 2056, 'Percentage': 37.5}, {'Sentiment': 'Neutral', 'Count': 2558, 'Percentage': 46.6}, {'Sentiment': 'Negative', 'Count': 873, 'Percentage': 15.9}]
2025-11-01 18:03:11,397 - INFO - 生成折线图数据...
2025-11-01 18:03:11,401 - INFO - 折线图数据生成完成，共 31 天
2025-11-01 18:03:11,401 - INFO - 保存数据到Excel文件...
2025-11-01 18:03:11,507 - INFO - Excel文件已保存: p10_data.xlsx
2025-11-01 18:03:11,507 - INFO - === P10 数据生成完成 ===
2025-11-01 18:03:11,905 - INFO - === P10 PPT填充开始 ===
2025-11-01 18:03:11,913 - INFO - 工作目录已准备: tmp
2025-11-01 18:03:11,922 - INFO - PPT模板已解压到: tmp/ppt_extracted
2025-11-01 18:03:12,019 - INFO - Excel数据加载成功: 饼图 3 行, 折线图 31 行
2025-11-01 18:03:12,030 - INFO - 嵌入式工作簿已创建: tmp/ppt_extracted/ppt/embeddings/Microsoft_Excel_Worksheet1.xlsx
2025-11-01 18:03:12,030 - INFO - 关系已更新: tmp/ppt_extracted/ppt/charts/_rels/chart1.xml.rels -> ../embeddings/Microsoft_Excel_Worksheet1.xlsx
2025-11-01 18:03:12,030 - INFO - 关系已更新: tmp/ppt_extracted/ppt/charts/_rels/chart2.xml.rels -> ../embeddings/Microsoft_Excel_Worksheet1.xlsx
2025-11-01 18:03:12,031 - INFO - 更新饼图颜色: Positive -> 4CAF50
2025-11-01 18:03:12,031 - INFO - 更新饼图颜色: Neutral -> FFC107
2025-11-01 18:03:12,031 - INFO - 更新饼图颜色: Negative -> F44336
2025-11-01 18:03:12,032 - INFO - 图表数据已更新: tmp/ppt_extracted/ppt/charts/chart1.xml
2025-11-01 18:03:12,033 - INFO - 更新散点图颜色: Positive -> 4CAF50
2025-11-01 18:03:12,033 - INFO - 更新散点图颜色: Neutral -> FFC107
2025-11-01 18:03:12,033 - INFO - 更新散点图颜色: Negative -> F44336
2025-11-01 18:03:12,034 - INFO - 散点图数据已更新: tmp/ppt_extracted/ppt/charts/chart2.xml
2025-11-01 18:03:12,048 - INFO - PPT文件已重新打包: output/p10-final.pptx
2025-11-01 18:03:12,048 - INFO - === P10 PPT填充完成: output/p10-final.pptx ===
2025-11-01 18:03:46,642 - INFO - === P10 PPT填充开始 ===
2025-11-01 18:03:46,652 - INFO - 工作目录已准备: tmp
2025-11-01 18:03:46,665 - INFO - PPT模板已解压到: tmp/ppt_extracted
2025-11-01 18:03:46,769 - INFO - Excel数据加载成功: 饼图 3 行, 折线图 31 行
2025-11-01 18:03:46,781 - INFO - 嵌入式工作簿已创建: tmp/ppt_extracted/ppt/embeddings/Microsoft_Excel_Worksheet1.xlsx
2025-11-01 18:03:46,781 - INFO - 关系已更新: tmp/ppt_extracted/ppt/charts/_rels/chart1.xml.rels -> ../embeddings/Microsoft_Excel_Worksheet1.xlsx
2025-11-01 18:03:46,781 - INFO - 关系已更新: tmp/ppt_extracted/ppt/charts/_rels/chart2.xml.rels -> ../embeddings/Microsoft_Excel_Worksheet1.xlsx
2025-11-01 18:03:46,782 - INFO - 更新饼图颜色: Positive -> 4CAF50
2025-11-01 18:03:46,782 - INFO - 更新饼图颜色: Neutral -> FFC107
2025-11-01 18:03:46,782 - INFO - 更新饼图颜色: Negative -> F44336
2025-11-01 18:03:46,783 - INFO - 图表数据已更新: tmp/ppt_extracted/ppt/charts/chart1.xml
2025-11-01 18:03:46,784 - INFO - 更新散点图颜色: Positive -> 4CAF50
2025-11-01 18:03:46,784 - INFO - 更新散点图颜色: Neutral -> FFC107
2025-11-01 18:03:46,784 - INFO - 更新散点图颜色: Negative -> F44336
2025-11-01 18:03:46,785 - INFO - 散点图数据已更新: tmp/ppt_extracted/ppt/charts/chart2.xml
2025-11-01 18:03:46,800 - INFO - PPT文件已重新打包: output/p10-final.pptx
2025-11-01 18:03:46,800 - INFO - === P10 PPT填充完成: output/p10-final.pptx ===
2025-11-01 18:04:59,883 - INFO - === P10 数据生成开始 ===
2025-11-01 18:04:59,883 - INFO - 开始提取情感分析数据...
2025-11-01 18:04:59,970 - INFO - 成功提取 5487 条记录
2025-11-01 18:04:59,970 - INFO - 开始处理情感分类...
2025-11-01 18:04:59,988 - INFO - 情感分布: {'Neutral': 2558, 'Positive': 2056, 'Negative': 873}
2025-11-01 18:04:59,988 - INFO - 生成饼图数据...
2025-11-01 18:04:59,989 - INFO - 饼图数据: [{'Sentiment': 'Positive', 'Count': 2056, 'Percentage': 37.5}, {'Sentiment': 'Neutral', 'Count': 2558, 'Percentage': 46.6}, {'Sentiment': 'Negative', 'Count': 873, 'Percentage': 15.9}]
2025-11-01 18:04:59,989 - INFO - 生成折线图数据...
2025-11-01 18:04:59,993 - INFO - 折线图数据生成完成，共 31 天
2025-11-01 18:04:59,993 - INFO - 保存数据到Excel文件...
2025-11-01 18:05:00,096 - INFO - Excel文件已保存: p10_data.xlsx
2025-11-01 18:05:00,096 - INFO - === P10 数据生成完成 ===
2025-11-01 18:05:00,512 - INFO - === P10 PPT填充开始 ===
2025-11-01 18:05:00,520 - INFO - 工作目录已准备: tmp
2025-11-01 18:05:00,529 - INFO - PPT模板已解压到: tmp/ppt_extracted
2025-11-01 18:05:00,625 - INFO - Excel数据加载成功: 饼图 3 行, 折线图 31 行
2025-11-01 18:05:00,635 - INFO - 嵌入式工作簿已创建: tmp/ppt_extracted/ppt/embeddings/Microsoft_Excel_Worksheet1.xlsx
2025-11-01 18:05:00,636 - INFO - 关系已更新: tmp/ppt_extracted/ppt/charts/_rels/chart1.xml.rels -> ../embeddings/Microsoft_Excel_Worksheet1.xlsx
2025-11-01 18:05:00,636 - INFO - 关系已更新: tmp/ppt_extracted/ppt/charts/_rels/chart2.xml.rels -> ../embeddings/Microsoft_Excel_Worksheet1.xlsx
2025-11-01 18:05:00,636 - INFO - 更新饼图颜色: Positive -> 4CAF50
2025-11-01 18:05:00,636 - INFO - 更新饼图颜色: Neutral -> FFC107
2025-11-01 18:05:00,636 - INFO - 更新饼图颜色: Negative -> F44336
2025-11-01 18:05:00,637 - INFO - 图表数据已更新: tmp/ppt_extracted/ppt/charts/chart1.xml
2025-11-01 18:05:00,638 - INFO - 更新散点图颜色: Positive -> 4CAF50
2025-11-01 18:05:00,638 - INFO - 更新散点图颜色: Neutral -> FFC107
2025-11-01 18:05:00,639 - INFO - 更新散点图颜色: Negative -> F44336
2025-11-01 18:05:00,640 - INFO - 散点图数据已更新: tmp/ppt_extracted/ppt/charts/chart2.xml
2025-11-01 18:05:00,655 - INFO - PPT文件已重新打包: output/p10-final.pptx
2025-11-01 18:05:00,655 - INFO - === P10 PPT填充完成: output/p10-final.pptx ===
